#
# There is insufficient memory for the Java Runtime Environment to continue.
# Native memory allocation (malloc) failed to allocate 1048576 bytes for AllocateHeap
# Possible reasons:
#   The system is out of physical RAM or swap space
#   In 32 bit mode, the process size limit was hit
# Possible solutions:
#   Reduce memory load on the system
#   Increase physical memory or swap space
#   Check if swap backing store is full
#   Use 64 bit Java on a 64 bit OS
#   Decrease Java heap size (-Xmx/-Xms)
#   Decrease number of Java threads
#   Decrease Java thread stack sizes (-Xss)
#   Set larger code cache with -XX:ReservedCodeCacheSize=
# This output file may be truncated or incomplete.
#
#  Out of Memory Error (memory/allocation.inline.hpp:61), pid=11836, tid=0x0000000000002ccc
#
# JRE version:  (8.0) (build )
# Java VM: OpenJDK 64-Bit Server VM (25.71-b00 mixed mode windows-amd64 compressed oops)
# Failed to write core dump. Minidumps are not enabled by default on client versions of Windows
#

---------------  T H R E A D  ---------------

Current thread (0x0000000002c84000):  JavaThread "Unknown thread" [_thread_in_vm, id=11468, stack(0x0000000002800000,0x0000000002900000)]

Stack: [0x0000000002800000,0x0000000002900000]
[error occurred during error reporting (printing stack bounds), id 0xc0000005]

Native frames: (J=compiled Java code, j=interpreted, Vv=VM code, C=native code)


---------------  P R O C E S S  ---------------

Java Threads: ( => current thread )

Other Threads:

=>0x0000000002c84000 (exited) JavaThread "Unknown thread" [_thread_in_vm, id=11468, stack(0x0000000002800000,0x0000000002900000)]

VM state:not at safepoint (normal execution)

VM Mutex/Monitor currently owned by a thread: None

Heap:
 PSYoungGen      total 38400K, used 665K [0x00000000d5f80000, 0x00000000d8a00000, 0x0000000100000000)
  eden space 33280K, 2% used [0x00000000d5f80000,0x00000000d6026670,0x00000000d8000000)
  from space 5120K, 0% used [0x00000000d8500000,0x00000000d8500000,0x00000000d8a00000)
  to   space 5120K, 0% used [0x00000000d8000000,0x00000000d8000000,0x00000000d8500000)
 ParOldGen       total 87552K, used 0K [0x0000000081e00000, 0x0000000087380000, 0x00000000d5f80000)
  object space 87552K, 0% used [0x0000000081e00000,0x0000000081e00000,0x0000000087380000)
 Metaspace       used 777K, capacity 4480K, committed 4480K, reserved 1056768K
  class space    used 74K, capacity 384K, committed 384K, reserved 1048576K

Card table byte_map: [0x0000000012150000,0x0000000012550000] byte_map_base: 0x0000000011d41000

Marking Bits: (ParMarkBitMap*) 0x000000005170be50
 Begin Bits: [0x0000000013000000, 0x0000000014f88000)
 End Bits:   [0x0000000014f88000, 0x0000000016f10000)

Polling page: 0x0000000002c60000

CodeCache: size=245760Kb used=328Kb max_used=328Kb free=245431Kb
 bounds [0x0000000002d90000, 0x0000000003000000, 0x0000000011d90000]
 total_blobs=57 nmethods=0 adapters=38
 compilation: enabled

Compilation events (0 events):
No events

GC Heap History (0 events):
No events

Deoptimization events (0 events):
No events

Classes redefined (0 events):
No events

Internal exceptions (0 events):
No events

Events (10 events):
Event: 0.020 loading class java/lang/Short
Event: 0.020 loading class java/lang/Short done
Event: 0.020 loading class java/lang/Integer
Event: 0.020 loading class java/lang/Integer done
Event: 0.020 loading class java/lang/Long
Event: 0.020 loading class java/lang/Long done
Event: 0.021 loading class java/lang/NullPointerException
Event: 0.021 loading class java/lang/NullPointerException done
Event: 0.021 loading class java/lang/ArithmeticException
Event: 0.021 loading class java/lang/ArithmeticException done


Dynamic libraries:
0x00007ff76cb30000 - 0x00007ff76cb65000 	G:\Program Files\Unity\2020.2.5f1\Editor\Data\PlaybackEngines\AndroidPlayer\OpenJDK\bin\java.exe
0x00007ffbb5c10000 - 0x00007ffbb5e06000 	C:\WINDOWS\SYSTEM32\ntdll.dll
0x00007ffbb44f0000 - 0x00007ffbb45ad000 	C:\WINDOWS\System32\KERNEL32.DLL
0x00007ffbb36c0000 - 0x00007ffbb3989000 	C:\WINDOWS\System32\KERNELBASE.dll
0x00007ffbb53b0000 - 0x00007ffbb545c000 	C:\WINDOWS\System32\ADVAPI32.dll
0x00007ffbb5aa0000 - 0x00007ffbb5b3e000 	C:\WINDOWS\System32\msvcrt.dll
0x00007ffbb3c70000 - 0x00007ffbb3d0c000 	C:\WINDOWS\System32\sechost.dll
0x00007ffbb54c0000 - 0x00007ffbb55eb000 	C:\WINDOWS\System32\RPCRT4.dll
0x00007ffbb5210000 - 0x00007ffbb53b0000 	C:\WINDOWS\System32\USER32.dll
0x00007ffbb3990000 - 0x00007ffbb39b2000 	C:\WINDOWS\System32\win32u.dll
0x00007ffbb58e0000 - 0x00007ffbb590a000 	C:\WINDOWS\System32\GDI32.dll
0x00007ffbb34b0000 - 0x00007ffbb35bb000 	C:\WINDOWS\System32\gdi32full.dll
0x00007ffbb3bd0000 - 0x00007ffbb3c6d000 	C:\WINDOWS\System32\msvcp_win.dll
0x00007ffbb35c0000 - 0x00007ffbb36c0000 	C:\WINDOWS\System32\ucrtbase.dll
0x00007ffba7260000 - 0x00007ffba74fb000 	C:\WINDOWS\WinSxS\amd64_microsoft.windows.common-controls_6595b64144ccf1df_6.0.19041.746_none_ca02b4b61b8320a4\COMCTL32.dll
0x00007ffbb3e90000 - 0x00007ffbb3ec0000 	C:\WINDOWS\System32\IMM32.DLL
0x0000000052c30000 - 0x0000000052d02000 	G:\Program Files\Unity\2020.2.5f1\Editor\Data\PlaybackEngines\AndroidPlayer\OpenJDK\jre\bin\msvcr100.dll
0x0000000050f40000 - 0x0000000051789000 	G:\Program Files\Unity\2020.2.5f1\Editor\Data\PlaybackEngines\AndroidPlayer\OpenJDK\jre\bin\server\jvm.dll
0x00007ffbb5910000 - 0x00007ffbb5918000 	C:\WINDOWS\System32\PSAPI.DLL
0x00007ffbaa660000 - 0x00007ffbaa669000 	C:\WINDOWS\SYSTEM32\WSOCK32.dll
0x00007ffba7690000 - 0x00007ffba76b7000 	C:\WINDOWS\SYSTEM32\WINMM.dll
0x00007ffbad690000 - 0x00007ffbad69a000 	C:\WINDOWS\SYSTEM32\VERSION.dll
0x00007ffbb5b40000 - 0x00007ffbb5bab000 	C:\WINDOWS\System32\WS2_32.dll
0x00007ffbb0cf0000 - 0x00007ffbb0cff000 	G:\Program Files\Unity\2020.2.5f1\Editor\Data\PlaybackEngines\AndroidPlayer\OpenJDK\jre\bin\verify.dll
0x00007ffbb06a0000 - 0x00007ffbb06c9000 	G:\Program Files\Unity\2020.2.5f1\Editor\Data\PlaybackEngines\AndroidPlayer\OpenJDK\jre\bin\java.dll
0x00007ffbb05d0000 - 0x00007ffbb05e6000 	G:\Program Files\Unity\2020.2.5f1\Editor\Data\PlaybackEngines\AndroidPlayer\OpenJDK\jre\bin\zip.dll

VM Arguments:
jvm_args: -Dfile.encoding=UTF-8 -Dcom.android.sdkmanager.toolsdir=C:\Users\Jonghoon\AppData\Local\Android\sdk\tools\bin\\.. 
java_command: com.android.sdklib.tool.AvdManagerCli list target -c
java_class_path (initial): C:\Users\Jonghoon\AppData\Local\Android\sdk\tools\bin\..\lib\dvlib-26.0.0-dev.jar;C:\Users\Jonghoon\AppData\Local\Android\sdk\tools\bin\..\lib\jimfs-1.1.jar;C:\Users\Jonghoon\AppData\Local\Android\sdk\tools\bin\..\lib\jsr305-1.3.9.jar;C:\Users\Jonghoon\AppData\Local\Android\sdk\tools\bin\..\lib\repository-26.0.0-dev.jar;C:\Users\Jonghoon\AppData\Local\Android\sdk\tools\bin\..\lib\j2objc-annotations-1.1.jar;C:\Users\Jonghoon\AppData\Local\Android\sdk\tools\bin\..\lib\layoutlib-api-26.0.0-dev.jar;C:\Users\Jonghoon\AppData\Local\Android\sdk\tools\bin\..\lib\gson-2.3.jar;C:\Users\Jonghoon\AppData\Local\Android\sdk\tools\bin\..\lib\httpcore-4.2.5.jar;C:\Users\Jonghoon\AppData\Local\Android\sdk\tools\bin\..\lib\commons-logging-1.1.1.jar;C:\Users\Jonghoon\AppData\Local\Android\sdk\tools\bin\..\lib\commons-compress-1.12.jar;C:\Users\Jonghoon\AppData\Local\Android\sdk\tools\bin\..\lib\annotations-26.0.0-dev.jar;C:\Users\Jonghoon\AppData\Local\Android\sdk\tools\bin\..\lib\error_prone_annotations-2.0.18.jar;C:\Users\Jonghoon\AppData\Local\Android\sdk\tools\bin\..\lib\animal-sniffer-annotations-1.14.jar;C:\Users\Jonghoon\AppData\Local\Android\sdk\tools\bin\..\lib\httpclient-4.2.6.jar;C:\Users\Jonghoon\AppData\Local\Android\sdk\tools\bin\..\lib\commons-codec-1.6.jar;C:\Users\Jonghoon\AppData\Local\Android\sdk\tools\bin\..\lib\common-26.0.0-dev.jar;C:\Users\Jonghoon\AppData\Local\Android\sdk\tools\bin\..\lib\kxml2-2.3.0.jar;C:\Users\Jonghoon\AppData\Local\Android\sdk\tools\bin\..\lib\httpmime-4.1.jar;C:\Users\Jonghoon\AppData\Local\Android\sdk\tools\bin\..\lib\annotations-12.0.jar;C:\Users\Jonghoon\AppData\Local\Android\sdk\tools\bin\..\lib\sdklib-26.0.0-dev.jar;C:\Users\Jonghoon\AppData\Local\Android\sdk\tools\bin\..\lib\guava-22.0.jar
Launcher Type: SUN_STANDARD

Environment Variables:
JAVA_HOME=G:/Program Files/Unity/2020.2.5f1/Editor/Data/PlaybackEngines/AndroidPlayer\OpenJDK
JAVA_TOOL_OPTIONS=-Dfile.encoding=UTF-8
CLASSPATH=C:\Users\Jonghoon\AppData\Local\Android\sdk\tools\bin\..\lib\dvlib-26.0.0-dev.jar;C:\Users\Jonghoon\AppData\Local\Android\sdk\tools\bin\..\lib\jimfs-1.1.jar;C:\Users\Jonghoon\AppData\Local\Android\sdk\tools\bin\..\lib\jsr305-1.3.9.jar;C:\Users\Jonghoon\AppData\Local\Android\sdk\tools\bin\..\lib\repository-26.0.0-dev.jar;C:\Users\Jonghoon\AppData\Local\Android\sdk\tools\bin\..\lib\j2objc-annotations-1.1.jar;C:\Users\Jonghoon\AppData\Local\Android\sdk\tools\bin\..\lib\layoutlib-api-26.0.0-dev.jar;C:\Users\Jonghoon\AppData\Local\Android\sdk\tools\bin\..\lib\gson-2.3.jar;C:\Users\Jonghoon\AppData\Local\Android\sdk\tools\bin\..\lib\httpcore-4.2.5.jar;C:\Users\Jonghoon\AppData\Local\Android\sdk\tools\bin\..\lib\commons-logging-1.1.1.jar;C:\Users\Jonghoon\AppData\Local\Android\sdk\tools\bin\..\lib\commons-compress-1.12.jar;C:\Users\Jonghoon\AppData\Local\Android\sdk\tools\bin\..\lib\annotations-26.0.0-dev.jar;C:\Users\Jonghoon\AppData\Local\Android\sdk\tools\bin\..\lib\error_prone_annotations-2.0.18.jar;C:\Users\Jonghoon\AppData\Local\Android\sdk\tools\bin\..\lib\animal-sniffer-annotations-1.14.jar;C:\Users\Jonghoon\AppData\Local\Android\sdk\tools\bin\..\lib\httpclient-4.2.6.jar;C:\Users\Jonghoon\AppData\Local\Android\sdk\tools\bin\..\lib\commons-codec-1.6.jar;C:\Users\Jonghoon\AppData\Local\Android\sdk\tools\bin\..\lib\common-26.0.0-dev.jar;C:\Users\Jonghoon\AppData\Local\Android\sdk\tools\bin\..\lib\kxml2-2.3.0.jar;C:\Users\Jonghoon\AppData\Local\Android\sdk\tools\bin\..\lib\httpmime-4.1.jar;C:\Users\Jonghoon\AppData\Local\Android\sdk\tools\bin\..\lib\annotations-12.0.jar;C:\Users\Jonghoon\AppData\Local\Android\sdk\tools\bin\..\lib\sdklib-26.0.0-dev.jar;C:\Users\Jonghoon\AppData\Local\Android\sdk\tools\bin\..\lib\guava-22.0.jar
PATH=C:\VulkanSDK\1.1.85.0\Bin;C:\ProgramData\Oracle\Java\javapath;C:\WINDOWS\system32;C:\WINDOWS;C:\WINDOWS\System32\Wbem;C:\WINDOWS\System32\WindowsPowerShell\v1.0\;C:\Program Files (x86)\GtkSharp\2.12\bin;C:\Program Files\Java\jdk1.8.0_101\bin;C:\Program Files\Java\jre1.8.0_101\bin;C:\Program Files\Microsoft\Web Platform Installer\;C:\Program Files (x86)\ePapyrus\Papyrus-PlugIn-ntas;C:\Program Files (x86)\ePapyrus\Papyrus-PlugIn-ntas\Addins;C:\Program Files\Intel\WiFi\bin\;C:\Program Files\Common Files\Intel\WirelessCommon\;C:\Program Files\Microsoft SQL Server\130\Tools\Binn\;C:\Program Files (x86)\Microsoft SQL Server\110\DTS\Binn\;C:\Program Files (x86)\Microsoft SQL Server\120\DTS\Binn\;C:\Program Files (x86)\Microsoft SQL Server\130\DTS\Binn\;C:\Program Files (x86)\Microsoft SQL Server\140\DTS\Binn\;C:\Program Files\dotnet\;C:\WINDOWS\System32\OpenSSH\;C:\Program Files (x86)\NVIDIA Corporation\PhysX\Common;C:\WINDOWS\system32;C:\WINDOWS;C:\WINDOWS\System32\Wbem;C:\WINDOWS\System32\WindowsPowerShell\v1.0\;C:\WINDOWS\System32\OpenSSH\;C:\Program Files\Intel\WiFi\bin\;C:\Program Files\Common Files\Intel\WirelessCommon\;C:\Users\Jonghoon\AppData\Local\Microsoft\WindowsApps
USERNAME=Jonghoon
OS=Windows_NT
PROCESSOR_IDENTIFIER=Intel64 Family 6 Model 94 Stepping 3, GenuineIntel



---------------  S Y S T E M  ---------------

OS: Windows 10.0 , 64 bit Build 19041 (10.0.19041.804)

CPU:total 8 (initial active 8) (4 cores per cpu, 2 threads per core) family 6 model 94 stepping 3, cmov, cx8, fxsr, mmx, sse, sse2, sse3, ssse3, sse4.1, sse4.2, popcnt, avx, avx2, aes, clmul, erms, rtm, 3dnowpref, lzcnt, ht, tsc, tscinvbit, bmi1, bmi2, adx

Memory: 4k page, physical 8262064k(783840k free), swap 14553520k(6588k free)

vm_info: OpenJDK 64-Bit Server VM (25.71-b00) for windows-amd64 JRE (1.8.0-adoptopenjdk-_2018_05_19_00_59-b00), built on May 19 2018 01:02:12 by "jenkins" with MS VC++ 10.0 (VS2010)

time: Wed Feb 24 01:11:24 2021
elapsed time: 0 seconds (0d 0h 0m 0s)

