Using pre-set license
Built from '2021.2/staging' branch; Version is '2021.2.19f1 (602ecdbb2fb0) revision 6303437'; Using compiler version '192829333'; Build Type 'Release'
OS: 'Windows 10  (10.0.19044) 64bit Professional' Language: 'ko' Physical Memory: 8068 MB
BatchMode: 1, IsHumanControllingUs: 0, StartBugReporterOnCrash: 0, Is64bit: 1, IsPro: 1

COMMAND LINE ARGUMENTS:
C:\Program Files\Unity\2021.2.19f1\Editor\Unity.exe
-adb2
-batchMode
-noUpm
-name
AssetImportWorker8
-projectPath
E:/_90j_space/_prjMzb/prjMzb
-logFile
Logs/AssetImportWorker8.log
-srvPort
56722
Successfully changed project path to: E:/_90j_space/_prjMzb/prjMzb
E:/_90j_space/_prjMzb/prjMzb
[UnityMemory] Configuration Parameters - Can be set up in boot.config
    "memorysetup-bucket-allocator-granularity=16"
    "memorysetup-bucket-allocator-bucket-count=8"
    "memorysetup-bucket-allocator-block-size=33554432"
    "memorysetup-bucket-allocator-block-count=8"
    "memorysetup-main-allocator-block-size=16777216"
    "memorysetup-thread-allocator-block-size=16777216"
    "memorysetup-gfx-main-allocator-block-size=16777216"
    "memorysetup-gfx-thread-allocator-block-size=16777216"
    "memorysetup-cache-allocator-block-size=4194304"
    "memorysetup-typetree-allocator-block-size=2097152"
    "memorysetup-profiler-bucket-allocator-granularity=16"
    "memorysetup-profiler-bucket-allocator-bucket-count=8"
    "memorysetup-profiler-bucket-allocator-block-size=33554432"
    "memorysetup-profiler-bucket-allocator-block-count=8"
    "memorysetup-profiler-allocator-block-size=16777216"
    "memorysetup-profiler-editor-allocator-block-size=1048576"
    "memorysetup-temp-allocator-size-main=16777216"
    "memorysetup-job-temp-allocator-block-size=2097152"
    "memorysetup-job-temp-allocator-block-size-background=1048576"
    "memorysetup-job-temp-allocator-reduction-small-platforms=262144"
    "memorysetup-temp-allocator-size-background-worker=32768"
    "memorysetup-temp-allocator-size-job-worker=262144"
    "memorysetup-temp-allocator-size-preload-manager=33554432"
    "memorysetup-temp-allocator-size-nav-mesh-worker=65536"
    "memorysetup-temp-allocator-size-audio-worker=65536"
    "memorysetup-temp-allocator-size-cloud-worker=32768"
    "memorysetup-temp-allocator-size-gi-baking-worker=262144"
    "memorysetup-temp-allocator-size-gfx=262144"
Refreshing native plugins compatible for Editor in 220.75 ms, found 2 plugins.
Preloading 0 native plugins for Editor in 0.00 ms.
Initialize engine version: 2021.2.19f1 (602ecdbb2fb0)
[Subsystems] Discovering subsystems at path C:/Program Files/Unity/2021.2.19f1/Editor/Data/Resources/UnitySubsystems
[Subsystems] Discovering subsystems at path E:/_90j_space/_prjMzb/prjMzb/Assets
GfxDevice: creating device client; threaded=0; jobified=0
Direct3D:
    Version:  Direct3D 11.0 [level 11.0]
    Renderer: NVIDIA GeForce GTX 960M (ID=0x139b)
    Vendor:   NVIDIA
    VRAM:     4055 MB
    Driver:   30.0.14.9676
Initialize mono
Mono path[0] = 'C:/Program Files/Unity/2021.2.19f1/Editor/Data/Managed'
Mono path[1] = 'C:/Program Files/Unity/2021.2.19f1/Editor/Data/MonoBleedingEdge/lib/mono/unityjit-win32'
Mono config path = 'C:/Program Files/Unity/2021.2.19f1/Editor/Data/MonoBleedingEdge/etc'
Using monoOptions --debugger-agent=transport=dt_socket,embedding=1,server=y,suspend=n,address=127.0.0.1:56688
Begin MonoManager ReloadAssembly
Registering precompiled unity dll's ...
Register platform support module: C:/Program Files/Unity/2021.2.19f1/Editor/Data/PlaybackEngines/AndroidPlayer/UnityEditor.Android.Extensions.dll
Register platform support module: C:/Program Files/Unity/2021.2.19f1/Editor/Data/PlaybackEngines/WindowsStandaloneSupport/UnityEditor.WindowsStandalone.Extensions.dll
Registered in 0.012181 seconds.
Native extension for WindowsStandalone target not found
Native extension for Android target not found
Refreshing native plugins compatible for Editor in 112.76 ms, found 2 plugins.
Preloading 0 native plugins for Editor in 0.00 ms.
Mono: successfully reloaded assembly
- Completed reload, in  1.170 seconds
Domain Reload Profiling:
	ReloadAssembly (1171ms)
		BeginReloadAssembly (156ms)
			ExecutionOrderSort (0ms)
			DisableScriptedObjects (0ms)
			BackupInstance (0ms)
			ReleaseScriptingObjects (0ms)
			CreateAndSetChildDomain (1ms)
		EndReloadAssembly (814ms)
			LoadAssemblies (150ms)
			RebuildTransferFunctionScriptingTraits (0ms)
			SetupTypeCache (207ms)
			ReleaseScriptCaches (0ms)
			RebuildScriptCaches (42ms)
			SetupLoadedEditorAssemblies (477ms)
				LogAssemblyErrors (0ms)
				InitializePlatformSupportModulesInManaged (109ms)
				SetLoadedEditorAssemblies (0ms)
				RefreshPlugins (113ms)
				BeforeProcessingInitializeOnLoad (2ms)
				ProcessInitializeOnLoadAttributes (174ms)
				ProcessInitializeOnLoadMethodAttributes (79ms)
				AfterProcessingInitializeOnLoad (0ms)
				EditorAssembliesLoaded (0ms)
			ExecutionOrderSort2 (0ms)
			AwakeInstancesAfterBackupRestoration (0ms)
Platform modules already initialized, skipping
Registering precompiled user dll's ...
Registered in 0.020608 seconds.
Begin MonoManager ReloadAssembly
Symbol file LoadedFromMemory is not a mono symbol file
Symbol file LoadedFromMemory is not a mono symbol file
Native extension for WindowsStandalone target not found
Native extension for Android target not found
Refreshing native plugins compatible for Editor in 4.52 ms, found 2 plugins.
Preloading 0 native plugins for Editor in 0.00 ms.
Package Manager log level set to [2]
Mono: successfully reloaded assembly
- Completed reload, in  4.639 seconds
Domain Reload Profiling:
	ReloadAssembly (4641ms)
		BeginReloadAssembly (394ms)
			ExecutionOrderSort (0ms)
			DisableScriptedObjects (9ms)
			BackupInstance (0ms)
			ReleaseScriptingObjects (0ms)
			CreateAndSetChildDomain (153ms)
		EndReloadAssembly (3971ms)
			LoadAssemblies (1148ms)
			RebuildTransferFunctionScriptingTraits (0ms)
			SetupTypeCache (746ms)
			ReleaseScriptCaches (1ms)
			RebuildScriptCaches (265ms)
			SetupLoadedEditorAssemblies (1750ms)
				LogAssemblyErrors (0ms)
				InitializePlatformSupportModulesInManaged (50ms)
				SetLoadedEditorAssemblies (1ms)
				RefreshPlugins (5ms)
				BeforeProcessingInitializeOnLoad (208ms)
				ProcessInitializeOnLoadAttributes (1225ms)
				ProcessInitializeOnLoadMethodAttributes (243ms)
				AfterProcessingInitializeOnLoad (18ms)
				EditorAssembliesLoaded (0ms)
			ExecutionOrderSort2 (0ms)
			AwakeInstancesAfterBackupRestoration (11ms)
Platform modules already initialized, skipping
========================================================================
Worker process is ready to serve import requests
Launched and connected shader compiler UnityShaderCompiler.exe after 0.53 seconds
Refreshing native plugins compatible for Editor in 2.92 ms, found 2 plugins.
Preloading 0 native plugins for Editor in 0.00 ms.
Unloading 2871 Unused Serialized files (Serialized files now loaded: 0)
Unloading 153 unused Assets / (208.3 KB). Loaded Objects now: 3251.
Memory consumption went from 113.0 MB to 112.7 MB.
Total: 9.051500 ms (FindLiveObjects: 0.364200 ms CreateObjectMapping: 0.257700 ms MarkObjects: 8.200200 ms  DeleteObjects: 0.227000 ms)

AssetImportParameters requested are different than current active one (requested -> active):
  custom:video-decoder-ogg-theora: a1e56fd34408186e4bbccfd4996cb3dc -> 
  custom:container-muxer-webm: aa71ff27fc2769a1b78a27578f13a17b -> 
  custom:container-demuxer-webm: 4f35f7cbe854078d1ac9338744f61a02 -> 
  custom:video-encoder-webm-vp8: eb34c28f22e8b96e1ab97ce403110664 -> 
  custom:video-codec-MediaFoundation-h265: 746d11721c4dcdbdad8f713fa42b33f4 -> 
  custom:audio-encoder-webm-vorbis: bf7c407c2cedff20999df2af8eb42d56 -> 
  custom:framework-win-MediaFoundation: 216162199b28c13a410421893ffa2e32 -> 
  custom:container-demuxer-ogg: 62fdf1f143b41e24485cea50d1cbac27 -> 
  custom:video-decoder-webm-vp8: 9c59270c3fd7afecdb556c50c9e8de78 -> 
  custom:audio-decoder-ogg-vorbis: bf7c407c2cedff20999df2af8eb42d56 -> 
========================================================================
Received Import Request.
  Time since last request: 9448.362848 seconds.
  path: Assets/key.prefab
  artifactKey: Guid(bd773ca6855adbf4eab85cc104dc7a6f) Importer(815301076,1909f56bfc062723c751e8b465ee728b)
Start importing Assets/key.prefab using Guid(bd773ca6855adbf4eab85cc104dc7a6f) Importer(815301076,1909f56bfc062723c751e8b465ee728b)  -> (artifact id: 'c51e35ff7bb70bc03936f2ee3376e23f') in 3.235947 seconds 
========================================================================
Received Import Request.
  Time since last request: 162.248987 seconds.
  path: Assets/GoogleMobileAds/Api/CustomNativeTemplateAd.cs
  artifactKey: Guid(6f029b4086c1141ffad2e59dd23f14f4) Importer(815301076,1909f56bfc062723c751e8b465ee728b)
Start importing Assets/GoogleMobileAds/Api/CustomNativeTemplateAd.cs using Guid(6f029b4086c1141ffad2e59dd23f14f4) Importer(815301076,1909f56bfc062723c751e8b465ee728b)  -> (artifact id: '01c38d182baedf38d93f78e1a2fe10af') in 0.080697 seconds 
========================================================================
Received Import Request.
  Time since last request: 9.117689 seconds.
  path: Assets/Resources
  artifactKey: Guid(0f7a5c1ce0ebb2948af6c6fa83367555) Importer(815301076,1909f56bfc062723c751e8b465ee728b)
Start importing Assets/Resources using Guid(0f7a5c1ce0ebb2948af6c6fa83367555) Importer(815301076,1909f56bfc062723c751e8b465ee728b)  -> (artifact id: 'ad2dca242f1241a69fa4b77d597181a8') in 0.029794 seconds 
========================================================================
Received Import Request.
  Time since last request: 9.157456 seconds.
  path: Assets/Scripts/frameNJ/_Service/ads.interstitial.cs
  artifactKey: Guid(687af4e024be68249a68219a926f8664) Importer(815301076,1909f56bfc062723c751e8b465ee728b)
Start importing Assets/Scripts/frameNJ/_Service/ads.interstitial.cs using Guid(687af4e024be68249a68219a926f8664) Importer(815301076,1909f56bfc062723c751e8b465ee728b)  -> (artifact id: '4322491854526a0afb87325af5cf125d') in 0.010275 seconds 
========================================================================
Received Import Request.
  Time since last request: 3.965840 seconds.
  path: Assets/Scripts/prjm/_core/loads/loads.cs
  artifactKey: Guid(f0b73ce054a59754fbc2c3b768cf9562) Importer(815301076,1909f56bfc062723c751e8b465ee728b)
Start importing Assets/Scripts/prjm/_core/loads/loads.cs using Guid(f0b73ce054a59754fbc2c3b768cf9562) Importer(815301076,1909f56bfc062723c751e8b465ee728b)  -> (artifact id: '1c1aac2b943f07197c77984335d0b442') in 0.014124 seconds 
========================================================================
Received Import Request.
  Time since last request: 2.166260 seconds.
  path: Assets/Scripts/prjm/_core/stages/stages.EditMap.cs
  artifactKey: Guid(bcf2ef9ec6c6f1d4b8559e6c4ce2e29d) Importer(815301076,1909f56bfc062723c751e8b465ee728b)
Start importing Assets/Scripts/prjm/_core/stages/stages.EditMap.cs using Guid(bcf2ef9ec6c6f1d4b8559e6c4ce2e29d) Importer(815301076,1909f56bfc062723c751e8b465ee728b)  -> (artifact id: '59f295fa369ef9ee218b4ff8ca355e3e') in 0.014993 seconds 
========================================================================
Received Import Request.
  Time since last request: 23.074137 seconds.
  path: Assets/Scripts/prjm/_editmap/Editor/uj_zpropEditor.cs
  artifactKey: Guid(08f1bc13d96779346bee990c500cb024) Importer(815301076,1909f56bfc062723c751e8b465ee728b)
Start importing Assets/Scripts/prjm/_editmap/Editor/uj_zpropEditor.cs using Guid(08f1bc13d96779346bee990c500cb024) Importer(815301076,1909f56bfc062723c751e8b465ee728b)  -> (artifact id: 'dbf49c90dc7c0601161ae898ee2c07fd') in 0.027270 seconds 
========================================================================
Received Import Request.
  Time since last request: 0.696133 seconds.
  path: Assets/Scripts/prjm/_editmap/Editor/uj_npcEditor.cs
  artifactKey: Guid(7f66c41f74af95f4fbfa8a0bbc9b35ac) Importer(815301076,1909f56bfc062723c751e8b465ee728b)
Start importing Assets/Scripts/prjm/_editmap/Editor/uj_npcEditor.cs using Guid(7f66c41f74af95f4fbfa8a0bbc9b35ac) Importer(815301076,1909f56bfc062723c751e8b465ee728b)  -> (artifact id: '0272f11f0d7376825aae2abf17da39c2') in 0.013158 seconds 
========================================================================
Received Import Request.
  Time since last request: 1.305443 seconds.
  path: Assets/Scripts/prjm/cams
  artifactKey: Guid(588262f07e752b14d887307d5afdb3e3) Importer(815301076,1909f56bfc062723c751e8b465ee728b)
Start importing Assets/Scripts/prjm/cams using Guid(588262f07e752b14d887307d5afdb3e3) Importer(815301076,1909f56bfc062723c751e8b465ee728b)  -> (artifact id: '8e11a78e65164193648d2240bf3c1ced') in 0.010849 seconds 
========================================================================
Received Import Request.
  Time since last request: 0.439653 seconds.
  path: Assets/Scripts/prjm/_editmap/uj_editmap.cs
  artifactKey: Guid(20308d113f700cb48af0a4497ea6ba49) Importer(815301076,1909f56bfc062723c751e8b465ee728b)
Start importing Assets/Scripts/prjm/_editmap/uj_editmap.cs using Guid(20308d113f700cb48af0a4497ea6ba49) Importer(815301076,1909f56bfc062723c751e8b465ee728b)  -> (artifact id: '7706c1ead899843ba6ed04d4b51a7144') in 0.046650 seconds 
